[2024-03-11 22:35:31] local.ERROR: Class "Laravel\Sail\SailServiceProvider" not found {"exception":"[object] (Error(code: 0): Class \"Laravel\\Sail\\SailServiceProvider\" not found at /Users/burakkaynar/Desktop/project/socify/vendor/laravel/framework/src/Illuminate/Foundation/ProviderRepository.php:206)
[stacktrace]
#0 /Users/burakkaynar/Desktop/project/socify/vendor/laravel/framework/src/Illuminate/Foundation/ProviderRepository.php(142): Illuminate\\Foundation\\ProviderRepository->createProvider('Laravel\\\\Sail\\\\Sa...')
#1 /Users/burakkaynar/Desktop/project/socify/vendor/laravel/framework/src/Illuminate/Foundation/ProviderRepository.php(61): Illuminate\\Foundation\\ProviderRepository->compileManifest(Array)
#2 /Users/burakkaynar/Desktop/project/socify/vendor/laravel/framework/src/Illuminate/Foundation/Application.php(664): Illuminate\\Foundation\\ProviderRepository->load(Array)
#3 /Users/burakkaynar/Desktop/project/socify/vendor/laravel/framework/src/Illuminate/Foundation/Bootstrap/RegisterProviders.php(17): Illuminate\\Foundation\\Application->registerConfiguredProviders()
#4 /Users/burakkaynar/Desktop/project/socify/vendor/laravel/framework/src/Illuminate/Foundation/Application.php(242): Illuminate\\Foundation\\Bootstrap\\RegisterProviders->bootstrap(Object(Illuminate\\Foundation\\Application))
#5 /Users/burakkaynar/Desktop/project/socify/vendor/laravel/framework/src/Illuminate/Foundation/Console/Kernel.php(383): Illuminate\\Foundation\\Application->bootstrapWith(Array)
#6 /Users/burakkaynar/Desktop/project/socify/vendor/laravel/framework/src/Illuminate/Foundation/Console/Kernel.php(153): Illuminate\\Foundation\\Console\\Kernel->bootstrap()
#7 /Users/burakkaynar/Desktop/project/socify/artisan(35): Illuminate\\Foundation\\Console\\Kernel->handle(Object(Symfony\\Component\\Console\\Input\\ArgvInput), Object(Symfony\\Component\\Console\\Output\\ConsoleOutput))
#8 {main}
"} 
[2024-03-11 22:52:37] local.ERROR: Class "Laravel\Sail\SailServiceProvider" not found {"exception":"[object] (Error(code: 0): Class \"Laravel\\Sail\\SailServiceProvider\" not found at /Users/burakkaynar/Desktop/project/socify/vendor/laravel/framework/src/Illuminate/Foundation/ProviderRepository.php:206)
[stacktrace]
#0 /Users/burakkaynar/Desktop/project/socify/vendor/laravel/framework/src/Illuminate/Foundation/ProviderRepository.php(142): Illuminate\\Foundation\\ProviderRepository->createProvider('Laravel\\\\Sail\\\\Sa...')
#1 /Users/burakkaynar/Desktop/project/socify/vendor/laravel/framework/src/Illuminate/Foundation/ProviderRepository.php(61): Illuminate\\Foundation\\ProviderRepository->compileManifest(Array)
#2 /Users/burakkaynar/Desktop/project/socify/vendor/laravel/framework/src/Illuminate/Foundation/Application.php(664): Illuminate\\Foundation\\ProviderRepository->load(Array)
#3 /Users/burakkaynar/Desktop/project/socify/vendor/laravel/framework/src/Illuminate/Foundation/Bootstrap/RegisterProviders.php(17): Illuminate\\Foundation\\Application->registerConfiguredProviders()
#4 /Users/burakkaynar/Desktop/project/socify/vendor/laravel/framework/src/Illuminate/Foundation/Application.php(242): Illuminate\\Foundation\\Bootstrap\\RegisterProviders->bootstrap(Object(Illuminate\\Foundation\\Application))
#5 /Users/burakkaynar/Desktop/project/socify/vendor/laravel/framework/src/Illuminate/Foundation/Console/Kernel.php(383): Illuminate\\Foundation\\Application->bootstrapWith(Array)
#6 /Users/burakkaynar/Desktop/project/socify/vendor/laravel/framework/src/Illuminate/Foundation/Console/Kernel.php(153): Illuminate\\Foundation\\Console\\Kernel->bootstrap()
#7 /Users/burakkaynar/Desktop/project/socify/artisan(35): Illuminate\\Foundation\\Console\\Kernel->handle(Object(Symfony\\Component\\Console\\Input\\ArgvInput), Object(Symfony\\Component\\Console\\Output\\ConsoleOutput))
#8 {main}
"} 
